<?xml version="1.0" encoding="UTF-8"?>
<testsuites tests="1" failures="1" disabled="0" errors="0" timestamp="2023-02-15T14:26:07" time="0.001" name="AllTests">
  <testsuite name="LockManagerTest" tests="1" failures="1" disabled="0" errors="0" time="0">
    <testcase name="BasicTest" status="run" time="0" classname="LockManagerTest">
      <failure message="/home/vir-bryanq-dylan/DataBaseHomework/Homework3/scudb/test/concurrency/lock_manager_test.cpp:25&#x0A;Value of: true&#x0A;Expected: res&#x0A;Which is: false" type=""><![CDATA[/home/vir-bryanq-dylan/DataBaseHomework/Homework3/scudb/test/concurrency/lock_manager_test.cpp:25
Value of: true
Expected: res
Which is: false]]></failure>
      <failure message="/home/vir-bryanq-dylan/DataBaseHomework/Homework3/scudb/test/concurrency/lock_manager_test.cpp:34&#x0A;Value of: true&#x0A;Expected: res&#x0A;Which is: false" type=""><![CDATA[/home/vir-bryanq-dylan/DataBaseHomework/Homework3/scudb/test/concurrency/lock_manager_test.cpp:34
Value of: true
Expected: res
Which is: false]]></failure>
    </testcase>
  </testsuite>
</testsuites>
